  [1m[36m (1.7ms)[0m  [1mCREATE TABLE "schema_migrations" ("version" varchar NOT NULL) [0m
  [1m[35m (0.1ms)[0m  select sqlite_version(*)
  [1m[36m (1.6ms)[0m  [1mCREATE UNIQUE INDEX "unique_schema_migrations" ON "schema_migrations" ("version")[0m
  [1m[35mActiveRecord::SchemaMigration Load (0.1ms)[0m  SELECT "schema_migrations".* FROM "schema_migrations"


Started GET "/" for ::1 at 2015-11-17 17:47:54 -0600
Processing by Rails::WelcomeController#index as HTML
  Rendered /Users/admin/.rvm/gems/ruby-2.1.2/gems/railties-4.2.3/lib/rails/templates/rails/welcome/index.html.erb (2.8ms)
Completed 200 OK in 27ms (Views: 19.4ms | ActiveRecord: 0.0ms)
  [1m[36mActiveRecord::SchemaMigration Load (0.1ms)[0m  [1mSELECT "schema_migrations".* FROM "schema_migrations"[0m
Migrating to CreateStudents (1)
  [1m[35m (0.1ms)[0m  begin transaction
  [1m[36m (0.4ms)[0m  [1mCREATE TABLE "students" ("id" INTEGER PRIMARY KEY AUTOINCREMENT NOT NULL, "first_name" varchar, "last_name" varchar, "created_at" datetime NOT NULL, "updated_at" datetime NOT NULL) [0m
  [1m[35mSQL (0.3ms)[0m  INSERT INTO "schema_migrations" ("version") VALUES (?)  [["version", "1"]]
  [1m[36m (1.4ms)[0m  [1mcommit transaction[0m
  [1m[35mActiveRecord::SchemaMigration Load (0.1ms)[0m  SELECT "schema_migrations".* FROM "schema_migrations"
  [1m[36m (0.1ms)[0m  [1mbegin transaction[0m
  [1m[35mSQL (0.3ms)[0m  INSERT INTO "students" ("first_name", "last_name", "created_at", "updated_at") VALUES (?, ?, ?, ?)  [["first_name", "Jordan"], ["last_name", "Hudgens"], ["created_at", "2015-11-18 00:10:55.545365"], ["updated_at", "2015-11-18 00:10:55.545365"]]
  [1m[36m (2.9ms)[0m  [1mcommit transaction[0m
  [1m[35mStudent Load (0.2ms)[0m  SELECT  "students".* FROM "students"  ORDER BY "students"."id" DESC LIMIT 1
  [1m[36m (0.1ms)[0m  [1mbegin transaction[0m
  [1m[35mSQL (0.3ms)[0m  INSERT INTO "students" ("created_at", "updated_at") VALUES (?, ?)  [["created_at", "2015-11-18 00:17:49.095449"], ["updated_at", "2015-11-18 00:17:49.095449"]]
  [1m[36m (1.2ms)[0m  [1mcommit transaction[0m
  [1m[35mStudent Load (0.2ms)[0m  SELECT  "students".* FROM "students"  ORDER BY "students"."id" DESC LIMIT 1
  [1m[36mActiveRecord::SchemaMigration Load (0.1ms)[0m  [1mSELECT "schema_migrations".* FROM "schema_migrations"[0m
  [1m[35mActiveRecord::SchemaMigration Load (0.1ms)[0m  SELECT "schema_migrations".* FROM "schema_migrations"


Started GET "/" for ::1 at 2015-11-18 13:36:42 -0600
  [1m[36mActiveRecord::SchemaMigration Load (0.1ms)[0m  [1mSELECT "schema_migrations".* FROM "schema_migrations"[0m
Processing by Rails::WelcomeController#index as HTML
  Rendered /Users/admin/.rvm/gems/ruby-2.1.2/gems/railties-4.2.3/lib/rails/templates/rails/welcome/index.html.erb (2.4ms)
Completed 200 OK in 39ms (Views: 24.5ms | ActiveRecord: 0.0ms)


Started GET "/" for ::1 at 2015-11-18 13:37:10 -0600
Processing by Rails::WelcomeController#index as HTML
  Rendered /Users/admin/.rvm/gems/ruby-2.1.2/gems/railties-4.2.3/lib/rails/templates/rails/welcome/index.html.erb (0.0ms)
Completed 200 OK in 1ms (Views: 0.7ms | ActiveRecord: 0.0ms)
  [1m[36mActiveRecord::SchemaMigration Load (0.5ms)[0m  [1mSELECT "schema_migrations".* FROM "schema_migrations"[0m
  [1m[35mActiveRecord::SchemaMigration Load (0.1ms)[0m  SELECT "schema_migrations".* FROM "schema_migrations"
  [1m[36mStudent Load (0.4ms)[0m  [1mSELECT  "students".* FROM "students"  ORDER BY "students"."id" DESC LIMIT 1[0m
  [1m[35mStudent Load (0.2ms)[0m  SELECT  "students".* FROM "students"  ORDER BY "students"."id" DESC LIMIT 1
  [1m[36m (0.1ms)[0m  [1mbegin transaction[0m
  [1m[35mSQL (0.6ms)[0m  DELETE FROM "students" WHERE "students"."id" = ?  [["id", 2]]
  [1m[36m (1.6ms)[0m  [1mcommit transaction[0m
  [1m[35mStudent Load (0.2ms)[0m  SELECT "students".* FROM "students"
  [1m[35m (0.4ms)[0m  [1m[34mSELECT "schema_migrations"."version" FROM "schema_migrations"[0m
  [1m[35m (1.7ms)[0m  [1m[35mCREATE TABLE "ar_internal_metadata" ("key" varchar NOT NULL PRIMARY KEY, "value" varchar, "created_at" datetime NOT NULL, "updated_at" datetime NOT NULL)[0m
  [1m[36mActiveRecord::SchemaMigration Load (0.1ms)[0m  [1m[34mSELECT "schema_migrations".* FROM "schema_migrations"[0m
Migrating to CreateSchoolClasses (20191123030158)
  [1m[35m (0.1ms)[0m  [1m[36mbegin transaction[0m
  [1m[35m (0.4ms)[0m  [1m[35mCREATE TABLE "school_classes" ("id" INTEGER PRIMARY KEY AUTOINCREMENT NOT NULL, "title" varchar, "room_number" integer, "created_at" datetime NOT NULL, "updated_at" datetime NOT NULL)[0m
  [1m[35mSQL (0.3ms)[0m  [1m[32mINSERT INTO "schema_migrations" ("version") VALUES (?)[0m  [["version", "20191123030158"]]
  [1m[35m (1.3ms)[0m  [1m[36mcommit transaction[0m
  [1m[36mActiveRecord::InternalMetadata Load (0.1ms)[0m  [1m[34mSELECT  "ar_internal_metadata".* FROM "ar_internal_metadata" WHERE "ar_internal_metadata"."key" = ? LIMIT ?[0m  [["key", "environment"], ["LIMIT", 1]]
  [1m[35m (0.1ms)[0m  [1m[36mbegin transaction[0m
  [1m[35mSQL (0.3ms)[0m  [1m[32mINSERT INTO "ar_internal_metadata" ("key", "value", "created_at", "updated_at") VALUES (?, ?, ?, ?)[0m  [["key", "environment"], ["value", "development"], ["created_at", "2019-11-23 03:03:21.732175"], ["updated_at", "2019-11-23 03:03:21.732175"]]
  [1m[35m (0.9ms)[0m  [1m[36mcommit transaction[0m
  [1m[36mActiveRecord::SchemaMigration Load (0.1ms)[0m  [1m[34mSELECT "schema_migrations".* FROM "schema_migrations"[0m
  [1m[35m (0.3ms)[0m  [1m[34mSELECT "schema_migrations"."version" FROM "schema_migrations"[0m
Started GET "/" for ::1 at 2019-11-22 22:15:46 -0500
  [1m[36mActiveRecord::SchemaMigration Load (0.1ms)[0m  [1m[34mSELECT "schema_migrations".* FROM "schema_migrations"[0m
Processing by Rails::WelcomeController#index as HTML
  Parameters: {"internal"=>true}
  Rendering /Users/flatironschool/.rvm/gems/ruby-2.6.1/gems/railties-5.0.7.1/lib/rails/templates/rails/welcome/index.html.erb
  Rendered /Users/flatironschool/.rvm/gems/ruby-2.6.1/gems/railties-5.0.7.1/lib/rails/templates/rails/welcome/index.html.erb (3.8ms)
Completed 200 OK in 19ms (Views: 10.1ms | ActiveRecord: 0.0ms)


Started GET "/students" for ::1 at 2019-11-22 22:15:48 -0500
Processing by StudentsController#index as HTML
  Rendering students/index.html.erb within layouts/application
  Rendered students/index.html.erb within layouts/application (0.9ms)
Completed 200 OK in 403ms (Views: 401.9ms | ActiveRecord: 0.0ms)


Started GET "/student_classes" for ::1 at 2019-11-22 22:15:53 -0500
  
ActionController::RoutingError (No route matches [GET] "/student_classes"):
  
actionpack (5.0.7.1) lib/action_dispatch/middleware/debug_exceptions.rb:53:in `call'
actionpack (5.0.7.1) lib/action_dispatch/middleware/show_exceptions.rb:31:in `call'
railties (5.0.7.1) lib/rails/rack/logger.rb:36:in `call_app'
railties (5.0.7.1) lib/rails/rack/logger.rb:24:in `block in call'
activesupport (5.0.7.1) lib/active_support/tagged_logging.rb:69:in `block in tagged'
activesupport (5.0.7.1) lib/active_support/tagged_logging.rb:26:in `tagged'
activesupport (5.0.7.1) lib/active_support/tagged_logging.rb:69:in `tagged'
railties (5.0.7.1) lib/rails/rack/logger.rb:24:in `call'
sprockets-rails (3.2.1) lib/sprockets/rails/quiet_assets.rb:13:in `call'
actionpack (5.0.7.1) lib/action_dispatch/middleware/request_id.rb:24:in `call'
rack (2.0.6) lib/rack/method_override.rb:22:in `call'
rack (2.0.6) lib/rack/runtime.rb:22:in `call'
activesupport (5.0.7.1) lib/active_support/cache/strategy/local_cache_middleware.rb:28:in `call'
actionpack (5.0.7.1) lib/action_dispatch/middleware/executor.rb:12:in `call'
actionpack (5.0.7.1) lib/action_dispatch/middleware/static.rb:136:in `call'
rack (2.0.6) lib/rack/sendfile.rb:111:in `call'
railties (5.0.7.1) lib/rails/engine.rb:522:in `call'
rack (2.0.6) lib/rack/handler/webrick.rb:86:in `service'
/Users/flatironschool/.rvm/rubies/ruby-2.6.1/lib/ruby/2.6.0/webrick/httpserver.rb:140:in `service'
/Users/flatironschool/.rvm/rubies/ruby-2.6.1/lib/ruby/2.6.0/webrick/httpserver.rb:96:in `run'
/Users/flatironschool/.rvm/rubies/ruby-2.6.1/lib/ruby/2.6.0/webrick/server.rb:307:in `block in start_thread'
  Rendering /Users/flatironschool/.rvm/gems/ruby-2.6.1/gems/actionpack-5.0.7.1/lib/action_dispatch/middleware/templates/rescues/routing_error.html.erb within rescues/layout
  Rendering /Users/flatironschool/.rvm/gems/ruby-2.6.1/gems/actionpack-5.0.7.1/lib/action_dispatch/middleware/templates/rescues/_trace.html.erb
  Rendered /Users/flatironschool/.rvm/gems/ruby-2.6.1/gems/actionpack-5.0.7.1/lib/action_dispatch/middleware/templates/rescues/_trace.html.erb (1.5ms)
  Rendered collection of /Users/flatironschool/.rvm/gems/ruby-2.6.1/gems/actionpack-5.0.7.1/lib/action_dispatch/middleware/templates/routes/_route.html.erb [14 times] (8.3ms)
  Rendered /Users/flatironschool/.rvm/gems/ruby-2.6.1/gems/actionpack-5.0.7.1/lib/action_dispatch/middleware/templates/routes/_table.html.erb (11.6ms)
  Rendering /Users/flatironschool/.rvm/gems/ruby-2.6.1/gems/actionpack-5.0.7.1/lib/action_dispatch/middleware/templates/rescues/_request_and_response.html.erb
  Rendered /Users/flatironschool/.rvm/gems/ruby-2.6.1/gems/actionpack-5.0.7.1/lib/action_dispatch/middleware/templates/rescues/_request_and_response.html.erb (1.5ms)
  Rendered /Users/flatironschool/.rvm/gems/ruby-2.6.1/gems/actionpack-5.0.7.1/lib/action_dispatch/middleware/templates/rescues/routing_error.html.erb within rescues/layout (52.2ms)
Started GET "/school_classes" for ::1 at 2019-11-22 22:16:06 -0500
Processing by SchoolClassesController#index as HTML
  Rendering school_classes/index.html.erb within layouts/application
  Rendered school_classes/index.html.erb within layouts/application (0.6ms)
Completed 200 OK in 20ms (Views: 19.0ms | ActiveRecord: 0.0ms)


Started GET "/students" for ::1 at 2019-11-22 22:26:21 -0500
Processing by StudentsController#index as HTML
  Rendering students/index.html.erb within layouts/application
  Rendered students/index.html.erb within layouts/application (0.4ms)
Completed 200 OK in 22ms (Views: 18.2ms | ActiveRecord: 0.0ms)


  [1m[36mActiveRecord::SchemaMigration Load (0.1ms)[0m  [1m[34mSELECT "schema_migrations".* FROM "schema_migrations"[0m
  [1m[35m (0.0ms)[0m  [1m[36mbegin transaction[0m
  [1m[35mSQL (0.8ms)[0m  [1m[32mINSERT INTO "students" ("first_name", "last_name", "created_at", "updated_at") VALUES (?, ?, ?, ?)[0m  [["first_name", "Matt"], ["last_name", "Heavner"], ["created_at", "2019-11-23 03:27:19.860329"], ["updated_at", "2019-11-23 03:27:19.860329"]]
  [1m[35m (1.1ms)[0m  [1m[36mcommit transaction[0m
Started GET "/students" for ::1 at 2019-11-22 22:27:22 -0500
Processing by StudentsController#index as HTML
  Rendering students/index.html.erb within layouts/application
  Rendered students/index.html.erb within layouts/application (0.6ms)
Completed 200 OK in 19ms (Views: 17.4ms | ActiveRecord: 0.0ms)


Started GET "/students" for ::1 at 2019-11-22 22:27:24 -0500
Processing by StudentsController#index as HTML
  Rendering students/index.html.erb within layouts/application
  Rendered students/index.html.erb within layouts/application (0.4ms)
Completed 200 OK in 26ms (Views: 24.6ms | ActiveRecord: 0.0ms)


Started GET "/students" for ::1 at 2019-11-22 22:27:46 -0500
Processing by StudentsController#index as HTML
  Rendering students/index.html.erb within layouts/application
  Rendered students/index.html.erb within layouts/application (0.5ms)
Completed 200 OK in 26ms (Views: 24.9ms | ActiveRecord: 0.0ms)


Started GET "/students" for ::1 at 2019-11-22 22:27:47 -0500
Processing by StudentsController#index as HTML
  Rendering students/index.html.erb within layouts/application
  Rendered students/index.html.erb within layouts/application (0.5ms)
Completed 200 OK in 45ms (Views: 41.5ms | ActiveRecord: 0.0ms)


Started GET "/students" for ::1 at 2019-11-22 22:27:47 -0500
Processing by StudentsController#index as HTML
  Rendering students/index.html.erb within layouts/application
  Rendered students/index.html.erb within layouts/application (0.7ms)
Completed 200 OK in 22ms (Views: 18.2ms | ActiveRecord: 0.0ms)


Started GET "/students" for ::1 at 2019-11-22 22:27:47 -0500
Processing by StudentsController#index as HTML
  Rendering students/index.html.erb within layouts/application
  Rendered students/index.html.erb within layouts/application (0.8ms)
Completed 200 OK in 20ms (Views: 18.5ms | ActiveRecord: 0.0ms)


Started GET "/students" for ::1 at 2019-11-22 22:27:47 -0500
Processing by StudentsController#index as HTML
  Rendering students/index.html.erb within layouts/application
  Rendered students/index.html.erb within layouts/application (0.4ms)
Completed 200 OK in 26ms (Views: 24.5ms | ActiveRecord: 0.0ms)


Started GET "/students" for ::1 at 2019-11-22 22:28:48 -0500
  [1m[36mActiveRecord::SchemaMigration Load (0.2ms)[0m  [1m[34mSELECT "schema_migrations".* FROM "schema_migrations"[0m
Processing by StudentsController#index as HTML
  Rendering students/index.html.erb within layouts/application
  Rendered students/index.html.erb within layouts/application (1.7ms)
Completed 200 OK in 318ms (Views: 306.5ms | ActiveRecord: 0.0ms)


Started GET "/students" for ::1 at 2019-11-22 22:28:48 -0500
Processing by StudentsController#index as HTML
  Rendering students/index.html.erb within layouts/application
  Rendered students/index.html.erb within layouts/application (0.5ms)
Completed 200 OK in 22ms (Views: 20.3ms | ActiveRecord: 0.0ms)


Started GET "/students" for ::1 at 2019-11-22 22:32:53 -0500
Processing by StudentsController#index as HTML
  Rendering students/index.html.erb within layouts/application
  [1m[36mStudent Load (0.3ms)[0m  [1m[34mSELECT "students".* FROM "students"[0m
  Rendered students/index.html.erb within layouts/application (6.2ms)
Completed 200 OK in 20ms (Views: 17.6ms | ActiveRecord: 1.0ms)


Started GET "/students/new" for ::1 at 2019-11-22 22:37:23 -0500
Processing by StudentsController#new as HTML
  Rendering students/new.html.erb within layouts/application
  Rendered students/new.html.erb within layouts/application (6.6ms)
Completed 500 Internal Server Error in 14ms (ActiveRecord: 0.0ms)


  
ActionView::Template::Error (First argument in form cannot contain nil or be empty):
    1: <h1>New Student</h1>
    2: <%= form_for(@student) do |f| %>
    3:     <label>First Name:</label><br>
    4:     <%= f.text_field :first_name %><br>
    5:     
  
app/views/students/new.html.erb:2:in `_app_views_students_new_html_erb___2134295317189618220_70230002975720'
  Rendering /Users/flatironschool/.rvm/gems/ruby-2.6.1/gems/actionpack-5.0.7.1/lib/action_dispatch/middleware/templates/rescues/template_error.html.erb within rescues/layout
  Rendering /Users/flatironschool/.rvm/gems/ruby-2.6.1/gems/actionpack-5.0.7.1/lib/action_dispatch/middleware/templates/rescues/_source.html.erb
  Rendered /Users/flatironschool/.rvm/gems/ruby-2.6.1/gems/actionpack-5.0.7.1/lib/action_dispatch/middleware/templates/rescues/_source.html.erb (4.4ms)
  Rendering /Users/flatironschool/.rvm/gems/ruby-2.6.1/gems/actionpack-5.0.7.1/lib/action_dispatch/middleware/templates/rescues/_trace.html.erb
  Rendered /Users/flatironschool/.rvm/gems/ruby-2.6.1/gems/actionpack-5.0.7.1/lib/action_dispatch/middleware/templates/rescues/_trace.html.erb (1.6ms)
  Rendering /Users/flatironschool/.rvm/gems/ruby-2.6.1/gems/actionpack-5.0.7.1/lib/action_dispatch/middleware/templates/rescues/_request_and_response.html.erb
  Rendered /Users/flatironschool/.rvm/gems/ruby-2.6.1/gems/actionpack-5.0.7.1/lib/action_dispatch/middleware/templates/rescues/_request_and_response.html.erb (0.8ms)
  Rendered /Users/flatironschool/.rvm/gems/ruby-2.6.1/gems/actionpack-5.0.7.1/lib/action_dispatch/middleware/templates/rescues/template_error.html.erb within rescues/layout (32.6ms)
Started GET "/students/new" for ::1 at 2019-11-22 22:37:46 -0500
Processing by StudentsController#new as HTML
  Rendering students/new.html.erb within layouts/application
  Rendered students/new.html.erb within layouts/application (16.8ms)
Completed 200 OK in 42ms (Views: 34.9ms | ActiveRecord: 0.6ms)


Started GET "/students/new" for ::1 at 2019-11-22 22:38:04 -0500
Processing by StudentsController#new as HTML
  Rendering students/new.html.erb within layouts/application
  Rendered students/new.html.erb within layouts/application (2.6ms)
Completed 200 OK in 22ms (Views: 20.1ms | ActiveRecord: 0.0ms)


Started GET "/students/new" for ::1 at 2019-11-22 22:40:15 -0500
Processing by StudentsController#new as HTML
  Rendering students/new.html.erb within layouts/application
  Rendered students/new.html.erb within layouts/application (2.1ms)
Completed 200 OK in 28ms (Views: 19.5ms | ActiveRecord: 0.7ms)


Started GET "/students/new" for ::1 at 2019-11-22 22:40:16 -0500
Processing by StudentsController#new as HTML
  Rendering students/new.html.erb within layouts/application
  Rendered students/new.html.erb within layouts/application (2.2ms)
Completed 200 OK in 34ms (Views: 31.4ms | ActiveRecord: 0.0ms)


Started GET "/students/new" for ::1 at 2019-11-22 22:40:16 -0500
Processing by StudentsController#new as HTML
  Rendering students/new.html.erb within layouts/application
  Rendered students/new.html.erb within layouts/application (4.0ms)
Completed 200 OK in 24ms (Views: 22.4ms | ActiveRecord: 0.0ms)


Started POST "/students" for ::1 at 2019-11-22 22:40:21 -0500
Processing by StudentsController#create as HTML
  Parameters: {"utf8"=>"✓", "authenticity_token"=>"zV20IXBGeij3IjXxfl7HqVPm6om4uf1K11dv54pfb0cq3dPTNHzAS1go0DGHGi3gA8EM2uPreNAI/aFwRMDbVw==", "student"=>{"first_name"=>"Ryan", "last_name"=>"Smith"}, "commit"=>"Create Student"}
  [1m[35m (0.1ms)[0m  [1m[36mbegin transaction[0m
  [1m[35mSQL (0.6ms)[0m  [1m[32mINSERT INTO "students" ("first_name", "last_name", "created_at", "updated_at") VALUES (?, ?, ?, ?)[0m  [["first_name", "Ryan"], ["last_name", "Smith"], ["created_at", "2019-11-23 03:40:21.414391"], ["updated_at", "2019-11-23 03:40:21.414391"]]
  [1m[35m (2.1ms)[0m  [1m[36mcommit transaction[0m
Completed 500 Internal Server Error in 8ms (ActiveRecord: 2.8ms)


  
NoMethodError (undefined method `save' for nil:NilClass):
  
app/controllers/students_controller.rb:12:in `create'
  Rendering /Users/flatironschool/.rvm/gems/ruby-2.6.1/gems/actionpack-5.0.7.1/lib/action_dispatch/middleware/templates/rescues/diagnostics.html.erb within rescues/layout
  Rendering /Users/flatironschool/.rvm/gems/ruby-2.6.1/gems/actionpack-5.0.7.1/lib/action_dispatch/middleware/templates/rescues/_source.html.erb
  Rendered /Users/flatironschool/.rvm/gems/ruby-2.6.1/gems/actionpack-5.0.7.1/lib/action_dispatch/middleware/templates/rescues/_source.html.erb (19.2ms)
  Rendering /Users/flatironschool/.rvm/gems/ruby-2.6.1/gems/actionpack-5.0.7.1/lib/action_dispatch/middleware/templates/rescues/_trace.html.erb
  Rendered /Users/flatironschool/.rvm/gems/ruby-2.6.1/gems/actionpack-5.0.7.1/lib/action_dispatch/middleware/templates/rescues/_trace.html.erb (1.5ms)
  Rendering /Users/flatironschool/.rvm/gems/ruby-2.6.1/gems/actionpack-5.0.7.1/lib/action_dispatch/middleware/templates/rescues/_request_and_response.html.erb
  Rendered /Users/flatironschool/.rvm/gems/ruby-2.6.1/gems/actionpack-5.0.7.1/lib/action_dispatch/middleware/templates/rescues/_request_and_response.html.erb (1.2ms)
  Rendered /Users/flatironschool/.rvm/gems/ruby-2.6.1/gems/actionpack-5.0.7.1/lib/action_dispatch/middleware/templates/rescues/diagnostics.html.erb within rescues/layout (38.1ms)
Started GET "/students/new" for ::1 at 2019-11-22 22:40:29 -0500
Processing by StudentsController#new as HTML
  Rendering students/new.html.erb within layouts/application
  Rendered students/new.html.erb within layouts/application (2.2ms)
Completed 200 OK in 20ms (Views: 12.8ms | ActiveRecord: 0.9ms)


Started POST "/students" for ::1 at 2019-11-22 22:40:35 -0500
Processing by StudentsController#create as HTML
  Parameters: {"utf8"=>"✓", "authenticity_token"=>"5gnD3VA2IUvLfDLnoWEKCqPDL+ZZvdd71VojuAfzQuUBiaQvFAybKGR21ydYJeBD8+TJtQLvUuEK8O0vyWz29Q==", "student"=>{"first_name"=>"Ryan", "last_name"=>"Smith"}, "commit"=>"Create Student"}
  [1m[35m (0.1ms)[0m  [1m[36mbegin transaction[0m
  [1m[35mSQL (0.7ms)[0m  [1m[32mINSERT INTO "students" ("first_name", "last_name", "created_at", "updated_at") VALUES (?, ?, ?, ?)[0m  [["first_name", "Ryan"], ["last_name", "Smith"], ["created_at", "2019-11-23 03:40:35.173054"], ["updated_at", "2019-11-23 03:40:35.173054"]]
  [1m[35m (1.1ms)[0m  [1m[36mcommit transaction[0m
  [1m[35m (0.1ms)[0m  [1m[36mbegin transaction[0m
  [1m[35m (0.1ms)[0m  [1m[36mcommit transaction[0m
Redirected to http://localhost:3000/students/5
Completed 302 Found in 9ms (ActiveRecord: 2.0ms)


Started GET "/students/5" for ::1 at 2019-11-22 22:40:35 -0500
Processing by StudentsController#show as HTML
  Parameters: {"id"=>"5"}
  Rendering students/show.html.erb within layouts/application
  Rendered students/show.html.erb within layouts/application (0.3ms)
Completed 200 OK in 13ms (Views: 12.4ms | ActiveRecord: 0.0ms)


Started GET "/students/5" for ::1 at 2019-11-22 22:43:46 -0500
Processing by StudentsController#show as HTML
  Parameters: {"id"=>"5"}
  [1m[36mStudent Load (0.2ms)[0m  [1m[34mSELECT  "students".* FROM "students" WHERE "students"."id" = ? LIMIT ?[0m  [["id", 5], ["LIMIT", 1]]
  Rendering students/show.html.erb within layouts/application
  Rendered students/show.html.erb within layouts/application (0.6ms)
Completed 200 OK in 22ms (Views: 12.0ms | ActiveRecord: 0.7ms)


Started GET "/students/5" for ::1 at 2019-11-22 22:44:03 -0500
Processing by StudentsController#show as HTML
  Parameters: {"id"=>"5"}
  [1m[36mStudent Load (0.1ms)[0m  [1m[34mSELECT  "students".* FROM "students" WHERE "students"."id" = ? LIMIT ?[0m  [["id", 5], ["LIMIT", 1]]
  Rendering students/show.html.erb within layouts/application
  Rendered students/show.html.erb within layouts/application (0.4ms)
Completed 200 OK in 13ms (Views: 11.1ms | ActiveRecord: 0.1ms)


Started GET "/students/5" for ::1 at 2019-11-22 22:47:59 -0500
Processing by StudentsController#show as HTML
  Parameters: {"id"=>"5"}
  [1m[36mStudent Load (0.1ms)[0m  [1m[34mSELECT  "students".* FROM "students" WHERE "students"."id" = ? LIMIT ?[0m  [["id", 5], ["LIMIT", 1]]
  Rendering students/show.html.erb within layouts/application
  Rendered students/show.html.erb within layouts/application (0.6ms)
Completed 200 OK in 26ms (Views: 15.9ms | ActiveRecord: 1.0ms)


Started GET "/students/5/edit" for ::1 at 2019-11-22 22:48:04 -0500
Processing by StudentsController#edit as HTML
  Parameters: {"id"=>"5"}
  [1m[36mStudent Load (0.2ms)[0m  [1m[34mSELECT  "students".* FROM "students" WHERE "students"."id" = ? LIMIT ?[0m  [["id", 5], ["LIMIT", 1]]
  Rendering students/edit.html.erb within layouts/application
  Rendered students/edit.html.erb within layouts/application (2.1ms)
Completed 200 OK in 21ms (Views: 18.2ms | ActiveRecord: 0.2ms)


Started GET "/students/5/edit" for ::1 at 2019-11-22 22:48:11 -0500
Processing by StudentsController#edit as HTML
  Parameters: {"id"=>"5"}
  [1m[36mStudent Load (0.1ms)[0m  [1m[34mSELECT  "students".* FROM "students" WHERE "students"."id" = ? LIMIT ?[0m  [["id", 5], ["LIMIT", 1]]
  Rendering students/edit.html.erb within layouts/application
  Rendered students/edit.html.erb within layouts/application (2.0ms)
Completed 200 OK in 16ms (Views: 13.4ms | ActiveRecord: 0.1ms)


Started GET "/students/new" for ::1 at 2019-11-22 22:51:10 -0500
Processing by StudentsController#new as HTML
  Rendering students/new.html.erb within layouts/application
  Rendered students/new.html.erb within layouts/application (2.1ms)
Completed 200 OK in 18ms (Views: 16.3ms | ActiveRecord: 0.0ms)


Started GET "/students/new" for ::1 at 2019-11-22 22:51:22 -0500
Processing by StudentsController#new as HTML
  Rendering students/new.html.erb within layouts/application
  Rendered students/new.html.erb within layouts/application (2.1ms)
Completed 200 OK in 18ms (Views: 16.2ms | ActiveRecord: 0.0ms)


Started POST "/students" for ::1 at 2019-11-22 22:57:47 -0500
Processing by StudentsController#create as HTML
  Parameters: {"utf8"=>"✓", "authenticity_token"=>"Ga/YJ43RW486Fh0bBLPbEMFEXbzrql9akGvpgN7NxMb+L7/Vyevh7JUc+Nv99zFZkWO777D42sBPwScXEFJw1g==", "student"=>{"first_name"=>"sdfijfsdklf", "last_name"=>"dsjklsd;klsd;kl"}, "commit"=>"Create Student"}
  [1m[35m (0.1ms)[0m  [1m[36mbegin transaction[0m
  [1m[35mSQL (0.4ms)[0m  [1m[32mINSERT INTO "students" ("first_name", "last_name", "created_at", "updated_at") VALUES (?, ?, ?, ?)[0m  [["first_name", "sdfijfsdklf"], ["last_name", "dsjklsd;klsd;kl"], ["created_at", "2019-11-23 03:57:47.518791"], ["updated_at", "2019-11-23 03:57:47.518791"]]
  [1m[35m (1.0ms)[0m  [1m[36mcommit transaction[0m
  [1m[35m (0.2ms)[0m  [1m[36mbegin transaction[0m
  [1m[35m (0.1ms)[0m  [1m[36mcommit transaction[0m
Redirected to http://localhost:3000/students/6
Completed 302 Found in 11ms (ActiveRecord: 2.4ms)


Started GET "/students/6" for ::1 at 2019-11-22 22:57:47 -0500
Processing by StudentsController#show as HTML
  Parameters: {"id"=>"6"}
  [1m[36mStudent Load (0.2ms)[0m  [1m[34mSELECT  "students".* FROM "students" WHERE "students"."id" = ? LIMIT ?[0m  [["id", 6], ["LIMIT", 1]]
  Rendering students/show.html.erb within layouts/application
  Rendered students/show.html.erb within layouts/application (0.5ms)
Completed 200 OK in 22ms (Views: 20.1ms | ActiveRecord: 0.2ms)


Started GET "/school_classes" for ::1 at 2019-11-22 23:00:31 -0500
Processing by SchoolClassesController#index as HTML
Completed 500 Internal Server Error in 2ms (ActiveRecord: 0.0ms)


  
NameError (uninitialized constant SchoolClassesController::SchoolClasses):
  
app/controllers/school_classes_controller.rb:3:in `index'
  Rendering /Users/flatironschool/.rvm/gems/ruby-2.6.1/gems/actionpack-5.0.7.1/lib/action_dispatch/middleware/templates/rescues/diagnostics.html.erb within rescues/layout
  Rendering /Users/flatironschool/.rvm/gems/ruby-2.6.1/gems/actionpack-5.0.7.1/lib/action_dispatch/middleware/templates/rescues/_source.html.erb
  Rendered /Users/flatironschool/.rvm/gems/ruby-2.6.1/gems/actionpack-5.0.7.1/lib/action_dispatch/middleware/templates/rescues/_source.html.erb (2.7ms)
  Rendering /Users/flatironschool/.rvm/gems/ruby-2.6.1/gems/actionpack-5.0.7.1/lib/action_dispatch/middleware/templates/rescues/_trace.html.erb
  Rendered /Users/flatironschool/.rvm/gems/ruby-2.6.1/gems/actionpack-5.0.7.1/lib/action_dispatch/middleware/templates/rescues/_trace.html.erb (1.9ms)
  Rendering /Users/flatironschool/.rvm/gems/ruby-2.6.1/gems/actionpack-5.0.7.1/lib/action_dispatch/middleware/templates/rescues/_request_and_response.html.erb
  Rendered /Users/flatironschool/.rvm/gems/ruby-2.6.1/gems/actionpack-5.0.7.1/lib/action_dispatch/middleware/templates/rescues/_request_and_response.html.erb (0.7ms)
  Rendered /Users/flatironschool/.rvm/gems/ruby-2.6.1/gems/actionpack-5.0.7.1/lib/action_dispatch/middleware/templates/rescues/diagnostics.html.erb within rescues/layout (26.6ms)
Started GET "/schoolclasses" for ::1 at 2019-11-22 23:00:38 -0500
  
ActionController::RoutingError (No route matches [GET] "/schoolclasses"):
  
actionpack (5.0.7.1) lib/action_dispatch/middleware/debug_exceptions.rb:53:in `call'
actionpack (5.0.7.1) lib/action_dispatch/middleware/show_exceptions.rb:31:in `call'
railties (5.0.7.1) lib/rails/rack/logger.rb:36:in `call_app'
railties (5.0.7.1) lib/rails/rack/logger.rb:24:in `block in call'
activesupport (5.0.7.1) lib/active_support/tagged_logging.rb:69:in `block in tagged'
activesupport (5.0.7.1) lib/active_support/tagged_logging.rb:26:in `tagged'
activesupport (5.0.7.1) lib/active_support/tagged_logging.rb:69:in `tagged'
railties (5.0.7.1) lib/rails/rack/logger.rb:24:in `call'
sprockets-rails (3.2.1) lib/sprockets/rails/quiet_assets.rb:13:in `call'
actionpack (5.0.7.1) lib/action_dispatch/middleware/request_id.rb:24:in `call'
rack (2.0.6) lib/rack/method_override.rb:22:in `call'
rack (2.0.6) lib/rack/runtime.rb:22:in `call'
activesupport (5.0.7.1) lib/active_support/cache/strategy/local_cache_middleware.rb:28:in `call'
actionpack (5.0.7.1) lib/action_dispatch/middleware/executor.rb:12:in `call'
actionpack (5.0.7.1) lib/action_dispatch/middleware/static.rb:136:in `call'
rack (2.0.6) lib/rack/sendfile.rb:111:in `call'
railties (5.0.7.1) lib/rails/engine.rb:522:in `call'
rack (2.0.6) lib/rack/handler/webrick.rb:86:in `service'
/Users/flatironschool/.rvm/rubies/ruby-2.6.1/lib/ruby/2.6.0/webrick/httpserver.rb:140:in `service'
/Users/flatironschool/.rvm/rubies/ruby-2.6.1/lib/ruby/2.6.0/webrick/httpserver.rb:96:in `run'
/Users/flatironschool/.rvm/rubies/ruby-2.6.1/lib/ruby/2.6.0/webrick/server.rb:307:in `block in start_thread'
  Rendering /Users/flatironschool/.rvm/gems/ruby-2.6.1/gems/actionpack-5.0.7.1/lib/action_dispatch/middleware/templates/rescues/routing_error.html.erb within rescues/layout
  Rendering /Users/flatironschool/.rvm/gems/ruby-2.6.1/gems/actionpack-5.0.7.1/lib/action_dispatch/middleware/templates/rescues/_trace.html.erb
  Rendered /Users/flatironschool/.rvm/gems/ruby-2.6.1/gems/actionpack-5.0.7.1/lib/action_dispatch/middleware/templates/rescues/_trace.html.erb (1.3ms)
  Rendered collection of /Users/flatironschool/.rvm/gems/ruby-2.6.1/gems/actionpack-5.0.7.1/lib/action_dispatch/middleware/templates/routes/_route.html.erb [14 times] (4.6ms)
  Rendered /Users/flatironschool/.rvm/gems/ruby-2.6.1/gems/actionpack-5.0.7.1/lib/action_dispatch/middleware/templates/routes/_table.html.erb (2.6ms)
  Rendering /Users/flatironschool/.rvm/gems/ruby-2.6.1/gems/actionpack-5.0.7.1/lib/action_dispatch/middleware/templates/rescues/_request_and_response.html.erb
  Rendered /Users/flatironschool/.rvm/gems/ruby-2.6.1/gems/actionpack-5.0.7.1/lib/action_dispatch/middleware/templates/rescues/_request_and_response.html.erb (1.5ms)
  Rendered /Users/flatironschool/.rvm/gems/ruby-2.6.1/gems/actionpack-5.0.7.1/lib/action_dispatch/middleware/templates/rescues/routing_error.html.erb within rescues/layout (35.5ms)
Started GET "/school" for ::1 at 2019-11-22 23:01:44 -0500
  
ActionController::RoutingError (No route matches [GET] "/school"):
  
actionpack (5.0.7.1) lib/action_dispatch/middleware/debug_exceptions.rb:53:in `call'
actionpack (5.0.7.1) lib/action_dispatch/middleware/show_exceptions.rb:31:in `call'
railties (5.0.7.1) lib/rails/rack/logger.rb:36:in `call_app'
railties (5.0.7.1) lib/rails/rack/logger.rb:24:in `block in call'
activesupport (5.0.7.1) lib/active_support/tagged_logging.rb:69:in `block in tagged'
activesupport (5.0.7.1) lib/active_support/tagged_logging.rb:26:in `tagged'
activesupport (5.0.7.1) lib/active_support/tagged_logging.rb:69:in `tagged'
railties (5.0.7.1) lib/rails/rack/logger.rb:24:in `call'
sprockets-rails (3.2.1) lib/sprockets/rails/quiet_assets.rb:13:in `call'
actionpack (5.0.7.1) lib/action_dispatch/middleware/request_id.rb:24:in `call'
rack (2.0.6) lib/rack/method_override.rb:22:in `call'
rack (2.0.6) lib/rack/runtime.rb:22:in `call'
activesupport (5.0.7.1) lib/active_support/cache/strategy/local_cache_middleware.rb:28:in `call'
actionpack (5.0.7.1) lib/action_dispatch/middleware/executor.rb:12:in `call'
actionpack (5.0.7.1) lib/action_dispatch/middleware/static.rb:136:in `call'
rack (2.0.6) lib/rack/sendfile.rb:111:in `call'
railties (5.0.7.1) lib/rails/engine.rb:522:in `call'
rack (2.0.6) lib/rack/handler/webrick.rb:86:in `service'
/Users/flatironschool/.rvm/rubies/ruby-2.6.1/lib/ruby/2.6.0/webrick/httpserver.rb:140:in `service'
/Users/flatironschool/.rvm/rubies/ruby-2.6.1/lib/ruby/2.6.0/webrick/httpserver.rb:96:in `run'
/Users/flatironschool/.rvm/rubies/ruby-2.6.1/lib/ruby/2.6.0/webrick/server.rb:307:in `block in start_thread'
  Rendering /Users/flatironschool/.rvm/gems/ruby-2.6.1/gems/actionpack-5.0.7.1/lib/action_dispatch/middleware/templates/rescues/routing_error.html.erb within rescues/layout
  Rendering /Users/flatironschool/.rvm/gems/ruby-2.6.1/gems/actionpack-5.0.7.1/lib/action_dispatch/middleware/templates/rescues/_trace.html.erb
  Rendered /Users/flatironschool/.rvm/gems/ruby-2.6.1/gems/actionpack-5.0.7.1/lib/action_dispatch/middleware/templates/rescues/_trace.html.erb (2.2ms)
  Rendered collection of /Users/flatironschool/.rvm/gems/ruby-2.6.1/gems/actionpack-5.0.7.1/lib/action_dispatch/middleware/templates/routes/_route.html.erb [14 times] (4.9ms)
  Rendered /Users/flatironschool/.rvm/gems/ruby-2.6.1/gems/actionpack-5.0.7.1/lib/action_dispatch/middleware/templates/routes/_table.html.erb (1.4ms)
  Rendering /Users/flatironschool/.rvm/gems/ruby-2.6.1/gems/actionpack-5.0.7.1/lib/action_dispatch/middleware/templates/rescues/_request_and_response.html.erb
  Rendered /Users/flatironschool/.rvm/gems/ruby-2.6.1/gems/actionpack-5.0.7.1/lib/action_dispatch/middleware/templates/rescues/_request_and_response.html.erb (1.1ms)
  Rendered /Users/flatironschool/.rvm/gems/ruby-2.6.1/gems/actionpack-5.0.7.1/lib/action_dispatch/middleware/templates/rescues/routing_error.html.erb within rescues/layout (31.5ms)
Started GET "/school_classes" for ::1 at 2019-11-22 23:01:49 -0500
Processing by SchoolClassesController#index as HTML
Completed 500 Internal Server Error in 2ms (ActiveRecord: 0.0ms)


  
NameError (uninitialized constant SchoolClassesController::SchoolClasses):
  
app/controllers/school_classes_controller.rb:3:in `index'
  Rendering /Users/flatironschool/.rvm/gems/ruby-2.6.1/gems/actionpack-5.0.7.1/lib/action_dispatch/middleware/templates/rescues/diagnostics.html.erb within rescues/layout
  Rendering /Users/flatironschool/.rvm/gems/ruby-2.6.1/gems/actionpack-5.0.7.1/lib/action_dispatch/middleware/templates/rescues/_source.html.erb
  Rendered /Users/flatironschool/.rvm/gems/ruby-2.6.1/gems/actionpack-5.0.7.1/lib/action_dispatch/middleware/templates/rescues/_source.html.erb (3.7ms)
  Rendering /Users/flatironschool/.rvm/gems/ruby-2.6.1/gems/actionpack-5.0.7.1/lib/action_dispatch/middleware/templates/rescues/_trace.html.erb
  Rendered /Users/flatironschool/.rvm/gems/ruby-2.6.1/gems/actionpack-5.0.7.1/lib/action_dispatch/middleware/templates/rescues/_trace.html.erb (1.4ms)
  Rendering /Users/flatironschool/.rvm/gems/ruby-2.6.1/gems/actionpack-5.0.7.1/lib/action_dispatch/middleware/templates/rescues/_request_and_response.html.erb
  Rendered /Users/flatironschool/.rvm/gems/ruby-2.6.1/gems/actionpack-5.0.7.1/lib/action_dispatch/middleware/templates/rescues/_request_and_response.html.erb (0.7ms)
  Rendered /Users/flatironschool/.rvm/gems/ruby-2.6.1/gems/actionpack-5.0.7.1/lib/action_dispatch/middleware/templates/rescues/diagnostics.html.erb within rescues/layout (19.8ms)
Started GET "/school_classes" for ::1 at 2019-11-22 23:02:52 -0500
Processing by SchoolClassesController#index as HTML
  Rendering school_classes/index.html.erb within layouts/application
  [1m[36mSchoolClass Load (0.4ms)[0m  [1m[34mSELECT "school_classes".* FROM "school_classes"[0m
  Rendered school_classes/index.html.erb within layouts/application (2.5ms)
Completed 200 OK in 25ms (Views: 20.4ms | ActiveRecord: 0.7ms)


  [1m[36mActiveRecord::SchemaMigration Load (0.1ms)[0m  [1m[34mSELECT "schema_migrations".* FROM "schema_migrations"[0m
  [1m[35m (0.1ms)[0m  [1m[36mbegin transaction[0m
  [1m[35mSQL (0.5ms)[0m  [1m[32mINSERT INTO "students" ("first_name", "last_name", "created_at", "updated_at") VALUES (?, ?, ?, ?)[0m  [["first_name", "Matt"], ["last_name", "Heavner"], ["created_at", "2019-11-23 04:03:54.765383"], ["updated_at", "2019-11-23 04:03:54.765383"]]
  [1m[35m (0.9ms)[0m  [1m[36mcommit transaction[0m
  [1m[35m (0.1ms)[0m  [1m[36mbegin transaction[0m
  [1m[35mSQL (0.3ms)[0m  [1m[32mINSERT INTO "school_classes" ("title", "room_number", "created_at", "updated_at") VALUES (?, ?, ?, ?)[0m  [["title", "Physics"], ["room_number", 64], ["created_at", "2019-11-23 04:03:54.786174"], ["updated_at", "2019-11-23 04:03:54.786174"]]
  [1m[35m (1.0ms)[0m  [1m[36mcommit transaction[0m
Started GET "/school_classes" for ::1 at 2019-11-22 23:04:03 -0500
Processing by SchoolClassesController#index as HTML
  Rendering school_classes/index.html.erb within layouts/application
  [1m[36mSchoolClass Load (0.2ms)[0m  [1m[34mSELECT "school_classes".* FROM "school_classes"[0m
  Rendered school_classes/index.html.erb within layouts/application (4.9ms)
Completed 200 OK in 20ms (Views: 16.2ms | ActiveRecord: 0.5ms)


Started GET "/school_classes/new" for ::1 at 2019-11-22 23:10:00 -0500
Processing by SchoolClassesController#new as HTML
  Rendering school_classes/new.html.erb within layouts/application
  Rendered school_classes/new.html.erb within layouts/application (1.7ms)
Completed 500 Internal Server Error in 7ms (ActiveRecord: 0.0ms)


  
ActionView::Template::Error (First argument in form cannot contain nil or be empty):
    1: <h1>School Class Form</h1>
    2:     <%= form_for(@school_class) do |f| %>
    3:         <label>Class Name:</label><br>
    4:         <%= f.text_field :title %><br><br>
    5: 
  
app/views/school_classes/new.html.erb:2:in `_app_views_school_classes_new_html_erb___3069228371382116680_70230035618000'
  Rendering /Users/flatironschool/.rvm/gems/ruby-2.6.1/gems/actionpack-5.0.7.1/lib/action_dispatch/middleware/templates/rescues/template_error.html.erb within rescues/layout
  Rendering /Users/flatironschool/.rvm/gems/ruby-2.6.1/gems/actionpack-5.0.7.1/lib/action_dispatch/middleware/templates/rescues/_source.html.erb
  Rendered /Users/flatironschool/.rvm/gems/ruby-2.6.1/gems/actionpack-5.0.7.1/lib/action_dispatch/middleware/templates/rescues/_source.html.erb (3.3ms)
  Rendering /Users/flatironschool/.rvm/gems/ruby-2.6.1/gems/actionpack-5.0.7.1/lib/action_dispatch/middleware/templates/rescues/_trace.html.erb
  Rendered /Users/flatironschool/.rvm/gems/ruby-2.6.1/gems/actionpack-5.0.7.1/lib/action_dispatch/middleware/templates/rescues/_trace.html.erb (1.7ms)
  Rendering /Users/flatironschool/.rvm/gems/ruby-2.6.1/gems/actionpack-5.0.7.1/lib/action_dispatch/middleware/templates/rescues/_request_and_response.html.erb
  Rendered /Users/flatironschool/.rvm/gems/ruby-2.6.1/gems/actionpack-5.0.7.1/lib/action_dispatch/middleware/templates/rescues/_request_and_response.html.erb (0.6ms)
  Rendered /Users/flatironschool/.rvm/gems/ruby-2.6.1/gems/actionpack-5.0.7.1/lib/action_dispatch/middleware/templates/rescues/template_error.html.erb within rescues/layout (22.4ms)
Started GET "/school_classes/new" for ::1 at 2019-11-22 23:10:37 -0500
Processing by SchoolClassesController#new as HTML
  Rendering school_classes/new.html.erb within layouts/application
  Rendered school_classes/new.html.erb within layouts/application (2.2ms)
Completed 200 OK in 21ms (Views: 13.1ms | ActiveRecord: 0.9ms)


Started POST "/school_classes" for ::1 at 2019-11-22 23:13:34 -0500
Processing by SchoolClassesController#create as HTML
  Parameters: {"utf8"=>"✓", "authenticity_token"=>"sLEKp+pM9oHctje11zzl18t3NwDRzGLB80mAK5T6KgVXMW1VrnZM4nO80nUueA+em1DRU4qe51ss4068WmWeFQ==", "school_class"=>{"title"=>"Math", "room_number"=>"42"}, "commit"=>"Create School class"}
Completed 500 Internal Server Error in 9ms (ActiveRecord: 0.7ms)


  
ArgumentError (When assigning attributes, you must pass a hash as an argument.):
  
app/controllers/school_classes_controller.rb:11:in `create'
  Rendering /Users/flatironschool/.rvm/gems/ruby-2.6.1/gems/actionpack-5.0.7.1/lib/action_dispatch/middleware/templates/rescues/diagnostics.html.erb within rescues/layout
  Rendering /Users/flatironschool/.rvm/gems/ruby-2.6.1/gems/actionpack-5.0.7.1/lib/action_dispatch/middleware/templates/rescues/_source.html.erb
  Rendered /Users/flatironschool/.rvm/gems/ruby-2.6.1/gems/actionpack-5.0.7.1/lib/action_dispatch/middleware/templates/rescues/_source.html.erb (2.5ms)
  Rendering /Users/flatironschool/.rvm/gems/ruby-2.6.1/gems/actionpack-5.0.7.1/lib/action_dispatch/middleware/templates/rescues/_trace.html.erb
  Rendered /Users/flatironschool/.rvm/gems/ruby-2.6.1/gems/actionpack-5.0.7.1/lib/action_dispatch/middleware/templates/rescues/_trace.html.erb (1.3ms)
  Rendering /Users/flatironschool/.rvm/gems/ruby-2.6.1/gems/actionpack-5.0.7.1/lib/action_dispatch/middleware/templates/rescues/_request_and_response.html.erb
  Rendered /Users/flatironschool/.rvm/gems/ruby-2.6.1/gems/actionpack-5.0.7.1/lib/action_dispatch/middleware/templates/rescues/_request_and_response.html.erb (1.2ms)
  Rendered /Users/flatironschool/.rvm/gems/ruby-2.6.1/gems/actionpack-5.0.7.1/lib/action_dispatch/middleware/templates/rescues/diagnostics.html.erb within rescues/layout (26.7ms)
Started GET "/school_classes/new" for ::1 at 2019-11-22 23:15:17 -0500
  
SyntaxError (/Users/flatironschool/Documents/mod2/rails-form_for-lab-dc-web-102819/app/controllers/school_classes_controller.rb:12: syntax error, unexpected tIVAR, expecting ')'
        @school_class.save
        ^~~~~~~~~~~~~):
  
app/controllers/school_classes_controller.rb:12: syntax error, unexpected tIVAR, expecting ')'
  Rendering /Users/flatironschool/.rvm/gems/ruby-2.6.1/gems/actionpack-5.0.7.1/lib/action_dispatch/middleware/templates/rescues/diagnostics.html.erb within rescues/layout
  Rendering /Users/flatironschool/.rvm/gems/ruby-2.6.1/gems/actionpack-5.0.7.1/lib/action_dispatch/middleware/templates/rescues/_source.html.erb
  Rendered /Users/flatironschool/.rvm/gems/ruby-2.6.1/gems/actionpack-5.0.7.1/lib/action_dispatch/middleware/templates/rescues/_source.html.erb (2.7ms)
  Rendering /Users/flatironschool/.rvm/gems/ruby-2.6.1/gems/actionpack-5.0.7.1/lib/action_dispatch/middleware/templates/rescues/_trace.html.erb
  Rendered /Users/flatironschool/.rvm/gems/ruby-2.6.1/gems/actionpack-5.0.7.1/lib/action_dispatch/middleware/templates/rescues/_trace.html.erb (23.4ms)
  Rendering /Users/flatironschool/.rvm/gems/ruby-2.6.1/gems/actionpack-5.0.7.1/lib/action_dispatch/middleware/templates/rescues/_request_and_response.html.erb
  Rendered /Users/flatironschool/.rvm/gems/ruby-2.6.1/gems/actionpack-5.0.7.1/lib/action_dispatch/middleware/templates/rescues/_request_and_response.html.erb (1.0ms)
  Rendered /Users/flatironschool/.rvm/gems/ruby-2.6.1/gems/actionpack-5.0.7.1/lib/action_dispatch/middleware/templates/rescues/diagnostics.html.erb within rescues/layout (43.4ms)
Started GET "/school_classes/new" for ::1 at 2019-11-22 23:15:25 -0500
  
SyntaxError (/Users/flatironschool/Documents/mod2/rails-form_for-lab-dc-web-102819/app/controllers/school_classes_controller.rb:12: syntax error, unexpected tIVAR, expecting ')'
        @school_class.save
        ^~~~~~~~~~~~~):
  
app/controllers/school_classes_controller.rb:12: syntax error, unexpected tIVAR, expecting ')'
  Rendering /Users/flatironschool/.rvm/gems/ruby-2.6.1/gems/actionpack-5.0.7.1/lib/action_dispatch/middleware/templates/rescues/diagnostics.html.erb within rescues/layout
  Rendering /Users/flatironschool/.rvm/gems/ruby-2.6.1/gems/actionpack-5.0.7.1/lib/action_dispatch/middleware/templates/rescues/_source.html.erb
  Rendered /Users/flatironschool/.rvm/gems/ruby-2.6.1/gems/actionpack-5.0.7.1/lib/action_dispatch/middleware/templates/rescues/_source.html.erb (2.6ms)
  Rendering /Users/flatironschool/.rvm/gems/ruby-2.6.1/gems/actionpack-5.0.7.1/lib/action_dispatch/middleware/templates/rescues/_trace.html.erb
  Rendered /Users/flatironschool/.rvm/gems/ruby-2.6.1/gems/actionpack-5.0.7.1/lib/action_dispatch/middleware/templates/rescues/_trace.html.erb (1.2ms)
  Rendering /Users/flatironschool/.rvm/gems/ruby-2.6.1/gems/actionpack-5.0.7.1/lib/action_dispatch/middleware/templates/rescues/_request_and_response.html.erb
  Rendered /Users/flatironschool/.rvm/gems/ruby-2.6.1/gems/actionpack-5.0.7.1/lib/action_dispatch/middleware/templates/rescues/_request_and_response.html.erb (0.8ms)
  Rendered /Users/flatironschool/.rvm/gems/ruby-2.6.1/gems/actionpack-5.0.7.1/lib/action_dispatch/middleware/templates/rescues/diagnostics.html.erb within rescues/layout (18.1ms)
Started GET "/school_classes" for ::1 at 2019-11-22 23:15:59 -0500
  
SyntaxError (/Users/flatironschool/Documents/mod2/rails-form_for-lab-dc-web-102819/app/controllers/school_classes_controller.rb:12: syntax error, unexpected tIDENTIFIER, expecting ')'
        redirect_to school_class_path(@school_cl...
        ^~~~~~~~~~~):
  
app/controllers/school_classes_controller.rb:12: syntax error, unexpected tIDENTIFIER, expecting ')'
  Rendering /Users/flatironschool/.rvm/gems/ruby-2.6.1/gems/actionpack-5.0.7.1/lib/action_dispatch/middleware/templates/rescues/diagnostics.html.erb within rescues/layout
  Rendering /Users/flatironschool/.rvm/gems/ruby-2.6.1/gems/actionpack-5.0.7.1/lib/action_dispatch/middleware/templates/rescues/_source.html.erb
  Rendered /Users/flatironschool/.rvm/gems/ruby-2.6.1/gems/actionpack-5.0.7.1/lib/action_dispatch/middleware/templates/rescues/_source.html.erb (2.2ms)
  Rendering /Users/flatironschool/.rvm/gems/ruby-2.6.1/gems/actionpack-5.0.7.1/lib/action_dispatch/middleware/templates/rescues/_trace.html.erb
  Rendered /Users/flatironschool/.rvm/gems/ruby-2.6.1/gems/actionpack-5.0.7.1/lib/action_dispatch/middleware/templates/rescues/_trace.html.erb (1.1ms)
  Rendering /Users/flatironschool/.rvm/gems/ruby-2.6.1/gems/actionpack-5.0.7.1/lib/action_dispatch/middleware/templates/rescues/_request_and_response.html.erb
  Rendered /Users/flatironschool/.rvm/gems/ruby-2.6.1/gems/actionpack-5.0.7.1/lib/action_dispatch/middleware/templates/rescues/_request_and_response.html.erb (0.9ms)
  Rendered /Users/flatironschool/.rvm/gems/ruby-2.6.1/gems/actionpack-5.0.7.1/lib/action_dispatch/middleware/templates/rescues/diagnostics.html.erb within rescues/layout (14.9ms)
Started GET "/school_classes" for ::1 at 2019-11-22 23:17:08 -0500
Processing by SchoolClassesController#index as HTML
  Rendering school_classes/index.html.erb within layouts/application
  [1m[36mSchoolClass Load (0.3ms)[0m  [1m[34mSELECT "school_classes".* FROM "school_classes"[0m
  Rendered school_classes/index.html.erb within layouts/application (6.0ms)
Completed 200 OK in 26ms (Views: 20.1ms | ActiveRecord: 1.0ms)


Started GET "/school_classes/new" for ::1 at 2019-11-22 23:17:14 -0500
Processing by SchoolClassesController#new as HTML
  Rendering school_classes/new.html.erb within layouts/application
  Rendered school_classes/new.html.erb within layouts/application (2.6ms)
Completed 200 OK in 19ms (Views: 16.2ms | ActiveRecord: 0.0ms)


Started POST "/school_classes" for ::1 at 2019-11-22 23:17:19 -0500
Processing by SchoolClassesController#create as HTML
  Parameters: {"utf8"=>"✓", "authenticity_token"=>"yqimh0xilOGgkwnNq6awRd4CuMnBd3A2RhwemiTaNOwtKMF1CFgugg+Z7A1S4loMjiVempol9ayZttAN6kWA/A==", "school_class"=>{"title"=>"Math", "room_number"=>"424234"}, "commit"=>"Create School class"}
  [1m[35m (0.1ms)[0m  [1m[36mbegin transaction[0m
  [1m[35mSQL (0.7ms)[0m  [1m[32mINSERT INTO "school_classes" ("title", "room_number", "created_at", "updated_at") VALUES (?, ?, ?, ?)[0m  [["title", "Math"], ["room_number", 424234], ["created_at", "2019-11-23 04:17:19.535491"], ["updated_at", "2019-11-23 04:17:19.535491"]]
  [1m[35m (1.0ms)[0m  [1m[36mcommit transaction[0m
Redirected to http://localhost:3000/school_classes/2
Completed 302 Found in 7ms (ActiveRecord: 1.8ms)


Started GET "/school_classes/2" for ::1 at 2019-11-22 23:17:19 -0500
Processing by SchoolClassesController#show as HTML
  Parameters: {"id"=>"2"}
  Rendering school_classes/show.html.erb within layouts/application
  Rendered school_classes/show.html.erb within layouts/application (0.5ms)
Completed 200 OK in 13ms (Views: 11.7ms | ActiveRecord: 0.0ms)


Started GET "/school_classes/2" for ::1 at 2019-11-22 23:20:27 -0500
Processing by SchoolClassesController#show as HTML
  Parameters: {"id"=>"2"}
  Rendering school_classes/show.html.erb within layouts/application
  Rendered school_classes/show.html.erb within layouts/application (1.9ms)
Completed 500 Internal Server Error in 5ms (ActiveRecord: 0.0ms)


  
ActionView::Template::Error (undefined method `title' for nil:NilClass):
    1: <h1>Class Detail Page</h1>
    2:     <div>
    3:         <p>Class Name: <%= @school_class.title %></p>
    4:         <p>Room Number: <%= @school_class.room_number %></p>
    5:     </div>
  
app/views/school_classes/show.html.erb:3:in `_app_views_school_classes_show_html_erb___1471331454072773642_70229999589240'
  Rendering /Users/flatironschool/.rvm/gems/ruby-2.6.1/gems/actionpack-5.0.7.1/lib/action_dispatch/middleware/templates/rescues/template_error.html.erb within rescues/layout
  Rendering /Users/flatironschool/.rvm/gems/ruby-2.6.1/gems/actionpack-5.0.7.1/lib/action_dispatch/middleware/templates/rescues/_source.html.erb
  Rendered /Users/flatironschool/.rvm/gems/ruby-2.6.1/gems/actionpack-5.0.7.1/lib/action_dispatch/middleware/templates/rescues/_source.html.erb (2.5ms)
  Rendering /Users/flatironschool/.rvm/gems/ruby-2.6.1/gems/actionpack-5.0.7.1/lib/action_dispatch/middleware/templates/rescues/_trace.html.erb
  Rendered /Users/flatironschool/.rvm/gems/ruby-2.6.1/gems/actionpack-5.0.7.1/lib/action_dispatch/middleware/templates/rescues/_trace.html.erb (1.3ms)
  Rendering /Users/flatironschool/.rvm/gems/ruby-2.6.1/gems/actionpack-5.0.7.1/lib/action_dispatch/middleware/templates/rescues/_request_and_response.html.erb
  Rendered /Users/flatironschool/.rvm/gems/ruby-2.6.1/gems/actionpack-5.0.7.1/lib/action_dispatch/middleware/templates/rescues/_request_and_response.html.erb (0.7ms)
  Rendered /Users/flatironschool/.rvm/gems/ruby-2.6.1/gems/actionpack-5.0.7.1/lib/action_dispatch/middleware/templates/rescues/template_error.html.erb within rescues/layout (20.7ms)
Started GET "/school_classes/2" for ::1 at 2019-11-22 23:20:50 -0500
Processing by SchoolClassesController#show as HTML
  Parameters: {"id"=>"2"}
  [1m[36mSchoolClass Load (0.1ms)[0m  [1m[34mSELECT  "school_classes".* FROM "school_classes" WHERE "school_classes"."id" = ? LIMIT ?[0m  [["id", 2], ["LIMIT", 1]]
  Rendering school_classes/show.html.erb within layouts/application
  Rendered school_classes/show.html.erb within layouts/application (0.4ms)
Completed 200 OK in 20ms (Views: 11.3ms | ActiveRecord: 0.7ms)


Started GET "/school_classes/2/edit" for ::1 at 2019-11-22 23:26:24 -0500
Processing by SchoolClassesController#edit as HTML
  Parameters: {"id"=>"2"}
Completed 400 Bad Request in 3ms (ActiveRecord: 0.0ms)


  
ActionController::ParameterMissing (param is missing or the value is empty: shool_class):
  
app/controllers/school_classes_controller.rb:20:in `edit'
  Rendering /Users/flatironschool/.rvm/gems/ruby-2.6.1/gems/actionpack-5.0.7.1/lib/action_dispatch/middleware/templates/rescues/diagnostics.html.erb within rescues/layout
  Rendering /Users/flatironschool/.rvm/gems/ruby-2.6.1/gems/actionpack-5.0.7.1/lib/action_dispatch/middleware/templates/rescues/_source.html.erb
  Rendered /Users/flatironschool/.rvm/gems/ruby-2.6.1/gems/actionpack-5.0.7.1/lib/action_dispatch/middleware/templates/rescues/_source.html.erb (2.5ms)
  Rendering /Users/flatironschool/.rvm/gems/ruby-2.6.1/gems/actionpack-5.0.7.1/lib/action_dispatch/middleware/templates/rescues/_trace.html.erb
  Rendered /Users/flatironschool/.rvm/gems/ruby-2.6.1/gems/actionpack-5.0.7.1/lib/action_dispatch/middleware/templates/rescues/_trace.html.erb (1.1ms)
  Rendering /Users/flatironschool/.rvm/gems/ruby-2.6.1/gems/actionpack-5.0.7.1/lib/action_dispatch/middleware/templates/rescues/_request_and_response.html.erb
  Rendered /Users/flatironschool/.rvm/gems/ruby-2.6.1/gems/actionpack-5.0.7.1/lib/action_dispatch/middleware/templates/rescues/_request_and_response.html.erb (0.7ms)
  Rendered /Users/flatironschool/.rvm/gems/ruby-2.6.1/gems/actionpack-5.0.7.1/lib/action_dispatch/middleware/templates/rescues/diagnostics.html.erb within rescues/layout (21.0ms)
Started GET "/school_classes/2/edit" for ::1 at 2019-11-22 23:27:13 -0500
Processing by SchoolClassesController#edit as HTML
  Parameters: {"id"=>"2"}
Completed 400 Bad Request in 2ms (ActiveRecord: 0.0ms)


  
ActionController::ParameterMissing (param is missing or the value is empty: school_class):
  
app/controllers/school_classes_controller.rb:20:in `edit'
  Rendering /Users/flatironschool/.rvm/gems/ruby-2.6.1/gems/actionpack-5.0.7.1/lib/action_dispatch/middleware/templates/rescues/diagnostics.html.erb within rescues/layout
  Rendering /Users/flatironschool/.rvm/gems/ruby-2.6.1/gems/actionpack-5.0.7.1/lib/action_dispatch/middleware/templates/rescues/_source.html.erb
  Rendered /Users/flatironschool/.rvm/gems/ruby-2.6.1/gems/actionpack-5.0.7.1/lib/action_dispatch/middleware/templates/rescues/_source.html.erb (2.2ms)
  Rendering /Users/flatironschool/.rvm/gems/ruby-2.6.1/gems/actionpack-5.0.7.1/lib/action_dispatch/middleware/templates/rescues/_trace.html.erb
  Rendered /Users/flatironschool/.rvm/gems/ruby-2.6.1/gems/actionpack-5.0.7.1/lib/action_dispatch/middleware/templates/rescues/_trace.html.erb (1.4ms)
  Rendering /Users/flatironschool/.rvm/gems/ruby-2.6.1/gems/actionpack-5.0.7.1/lib/action_dispatch/middleware/templates/rescues/_request_and_response.html.erb
  Rendered /Users/flatironschool/.rvm/gems/ruby-2.6.1/gems/actionpack-5.0.7.1/lib/action_dispatch/middleware/templates/rescues/_request_and_response.html.erb (0.7ms)
  Rendered /Users/flatironschool/.rvm/gems/ruby-2.6.1/gems/actionpack-5.0.7.1/lib/action_dispatch/middleware/templates/rescues/diagnostics.html.erb within rescues/layout (15.2ms)
Started GET "/school_classes/2/edit" for ::1 at 2019-11-22 23:28:03 -0500
Processing by SchoolClassesController#edit as HTML
  Parameters: {"id"=>"2"}
  [1m[36mSchoolClass Load (0.1ms)[0m  [1m[34mSELECT  "school_classes".* FROM "school_classes" WHERE "school_classes"."id" = ? LIMIT ?[0m  [["id", 2], ["LIMIT", 1]]
Completed 400 Bad Request in 10ms (ActiveRecord: 0.7ms)


  
ActionController::ParameterMissing (param is missing or the value is empty: school_class):
  
app/controllers/school_classes_controller.rb:21:in `edit'
  Rendering /Users/flatironschool/.rvm/gems/ruby-2.6.1/gems/actionpack-5.0.7.1/lib/action_dispatch/middleware/templates/rescues/diagnostics.html.erb within rescues/layout
  Rendering /Users/flatironschool/.rvm/gems/ruby-2.6.1/gems/actionpack-5.0.7.1/lib/action_dispatch/middleware/templates/rescues/_source.html.erb
  Rendered /Users/flatironschool/.rvm/gems/ruby-2.6.1/gems/actionpack-5.0.7.1/lib/action_dispatch/middleware/templates/rescues/_source.html.erb (2.2ms)
  Rendering /Users/flatironschool/.rvm/gems/ruby-2.6.1/gems/actionpack-5.0.7.1/lib/action_dispatch/middleware/templates/rescues/_trace.html.erb
  Rendered /Users/flatironschool/.rvm/gems/ruby-2.6.1/gems/actionpack-5.0.7.1/lib/action_dispatch/middleware/templates/rescues/_trace.html.erb (1.1ms)
  Rendering /Users/flatironschool/.rvm/gems/ruby-2.6.1/gems/actionpack-5.0.7.1/lib/action_dispatch/middleware/templates/rescues/_request_and_response.html.erb
  Rendered /Users/flatironschool/.rvm/gems/ruby-2.6.1/gems/actionpack-5.0.7.1/lib/action_dispatch/middleware/templates/rescues/_request_and_response.html.erb (0.7ms)
  Rendered /Users/flatironschool/.rvm/gems/ruby-2.6.1/gems/actionpack-5.0.7.1/lib/action_dispatch/middleware/templates/rescues/diagnostics.html.erb within rescues/layout (15.0ms)
Started GET "/school_classes/2/edit" for ::1 at 2019-11-22 23:28:21 -0500
Processing by SchoolClassesController#edit as HTML
  Parameters: {"id"=>"2"}
  [1m[36mSchoolClass Load (0.2ms)[0m  [1m[34mSELECT  "school_classes".* FROM "school_classes" WHERE "school_classes"."id" = ? LIMIT ?[0m  [["id", 2], ["LIMIT", 1]]
Completed 400 Bad Request in 9ms (ActiveRecord: 0.9ms)


  
ActionController::ParameterMissing (param is missing or the value is empty: school_class):
  
app/controllers/school_classes_controller.rb:21:in `edit'
  Rendering /Users/flatironschool/.rvm/gems/ruby-2.6.1/gems/actionpack-5.0.7.1/lib/action_dispatch/middleware/templates/rescues/diagnostics.html.erb within rescues/layout
  Rendering /Users/flatironschool/.rvm/gems/ruby-2.6.1/gems/actionpack-5.0.7.1/lib/action_dispatch/middleware/templates/rescues/_source.html.erb
  Rendered /Users/flatironschool/.rvm/gems/ruby-2.6.1/gems/actionpack-5.0.7.1/lib/action_dispatch/middleware/templates/rescues/_source.html.erb (1.8ms)
  Rendering /Users/flatironschool/.rvm/gems/ruby-2.6.1/gems/actionpack-5.0.7.1/lib/action_dispatch/middleware/templates/rescues/_trace.html.erb
  Rendered /Users/flatironschool/.rvm/gems/ruby-2.6.1/gems/actionpack-5.0.7.1/lib/action_dispatch/middleware/templates/rescues/_trace.html.erb (1.0ms)
  Rendering /Users/flatironschool/.rvm/gems/ruby-2.6.1/gems/actionpack-5.0.7.1/lib/action_dispatch/middleware/templates/rescues/_request_and_response.html.erb
  Rendered /Users/flatironschool/.rvm/gems/ruby-2.6.1/gems/actionpack-5.0.7.1/lib/action_dispatch/middleware/templates/rescues/_request_and_response.html.erb (0.8ms)
  Rendered /Users/flatironschool/.rvm/gems/ruby-2.6.1/gems/actionpack-5.0.7.1/lib/action_dispatch/middleware/templates/rescues/diagnostics.html.erb within rescues/layout (14.0ms)
Started GET "/school_classes/2/edit" for ::1 at 2019-11-22 23:28:23 -0500
Processing by SchoolClassesController#edit as HTML
  Parameters: {"id"=>"2"}
  [1m[36mSchoolClass Load (0.1ms)[0m  [1m[34mSELECT  "school_classes".* FROM "school_classes" WHERE "school_classes"."id" = ? LIMIT ?[0m  [["id", 2], ["LIMIT", 1]]
Completed 400 Bad Request in 1ms (ActiveRecord: 0.1ms)


  
ActionController::ParameterMissing (param is missing or the value is empty: school_class):
  
app/controllers/school_classes_controller.rb:21:in `edit'
  Rendering /Users/flatironschool/.rvm/gems/ruby-2.6.1/gems/actionpack-5.0.7.1/lib/action_dispatch/middleware/templates/rescues/diagnostics.html.erb within rescues/layout
  Rendering /Users/flatironschool/.rvm/gems/ruby-2.6.1/gems/actionpack-5.0.7.1/lib/action_dispatch/middleware/templates/rescues/_source.html.erb
  Rendered /Users/flatironschool/.rvm/gems/ruby-2.6.1/gems/actionpack-5.0.7.1/lib/action_dispatch/middleware/templates/rescues/_source.html.erb (2.1ms)
  Rendering /Users/flatironschool/.rvm/gems/ruby-2.6.1/gems/actionpack-5.0.7.1/lib/action_dispatch/middleware/templates/rescues/_trace.html.erb
  Rendered /Users/flatironschool/.rvm/gems/ruby-2.6.1/gems/actionpack-5.0.7.1/lib/action_dispatch/middleware/templates/rescues/_trace.html.erb (1.7ms)
  Rendering /Users/flatironschool/.rvm/gems/ruby-2.6.1/gems/actionpack-5.0.7.1/lib/action_dispatch/middleware/templates/rescues/_request_and_response.html.erb
  Rendered /Users/flatironschool/.rvm/gems/ruby-2.6.1/gems/actionpack-5.0.7.1/lib/action_dispatch/middleware/templates/rescues/_request_and_response.html.erb (0.7ms)
  Rendered /Users/flatironschool/.rvm/gems/ruby-2.6.1/gems/actionpack-5.0.7.1/lib/action_dispatch/middleware/templates/rescues/diagnostics.html.erb within rescues/layout (16.3ms)
Started GET "/school_classes/2/edit" for ::1 at 2019-11-22 23:30:58 -0500
  [1m[36mActiveRecord::SchemaMigration Load (0.1ms)[0m  [1m[34mSELECT "schema_migrations".* FROM "schema_migrations"[0m
Processing by SchoolClassesController#edit as HTML
  Parameters: {"id"=>"2"}
  [1m[36mSchoolClass Load (0.2ms)[0m  [1m[34mSELECT  "school_classes".* FROM "school_classes" WHERE "school_classes"."id" = ? LIMIT ?[0m  [["id", 2], ["LIMIT", 1]]
Completed 400 Bad Request in 18ms (ActiveRecord: 0.6ms)


  
ActionController::ParameterMissing (param is missing or the value is empty: school_class):
  
app/controllers/school_classes_controller.rb:21:in `edit'
  Rendering /Users/flatironschool/.rvm/gems/ruby-2.6.1/gems/actionpack-5.0.7.1/lib/action_dispatch/middleware/templates/rescues/diagnostics.html.erb within rescues/layout
  Rendering /Users/flatironschool/.rvm/gems/ruby-2.6.1/gems/actionpack-5.0.7.1/lib/action_dispatch/middleware/templates/rescues/_source.html.erb
  Rendered /Users/flatironschool/.rvm/gems/ruby-2.6.1/gems/actionpack-5.0.7.1/lib/action_dispatch/middleware/templates/rescues/_source.html.erb (2.6ms)
  Rendering /Users/flatironschool/.rvm/gems/ruby-2.6.1/gems/actionpack-5.0.7.1/lib/action_dispatch/middleware/templates/rescues/_trace.html.erb
  Rendered /Users/flatironschool/.rvm/gems/ruby-2.6.1/gems/actionpack-5.0.7.1/lib/action_dispatch/middleware/templates/rescues/_trace.html.erb (1.3ms)
  Rendering /Users/flatironschool/.rvm/gems/ruby-2.6.1/gems/actionpack-5.0.7.1/lib/action_dispatch/middleware/templates/rescues/_request_and_response.html.erb
  Rendered /Users/flatironschool/.rvm/gems/ruby-2.6.1/gems/actionpack-5.0.7.1/lib/action_dispatch/middleware/templates/rescues/_request_and_response.html.erb (0.9ms)
  Rendered /Users/flatironschool/.rvm/gems/ruby-2.6.1/gems/actionpack-5.0.7.1/lib/action_dispatch/middleware/templates/rescues/diagnostics.html.erb within rescues/layout (33.4ms)
Started GET "/school_classes/1/edit" for ::1 at 2019-11-22 23:31:08 -0500
Processing by SchoolClassesController#edit as HTML
  Parameters: {"id"=>"1"}
  [1m[36mSchoolClass Load (0.1ms)[0m  [1m[34mSELECT  "school_classes".* FROM "school_classes" WHERE "school_classes"."id" = ? LIMIT ?[0m  [["id", 1], ["LIMIT", 1]]
Completed 400 Bad Request in 2ms (ActiveRecord: 0.1ms)


  
ActionController::ParameterMissing (param is missing or the value is empty: school_class):
  
app/controllers/school_classes_controller.rb:21:in `edit'
  Rendering /Users/flatironschool/.rvm/gems/ruby-2.6.1/gems/actionpack-5.0.7.1/lib/action_dispatch/middleware/templates/rescues/diagnostics.html.erb within rescues/layout
  Rendering /Users/flatironschool/.rvm/gems/ruby-2.6.1/gems/actionpack-5.0.7.1/lib/action_dispatch/middleware/templates/rescues/_source.html.erb
  Rendered /Users/flatironschool/.rvm/gems/ruby-2.6.1/gems/actionpack-5.0.7.1/lib/action_dispatch/middleware/templates/rescues/_source.html.erb (3.3ms)
  Rendering /Users/flatironschool/.rvm/gems/ruby-2.6.1/gems/actionpack-5.0.7.1/lib/action_dispatch/middleware/templates/rescues/_trace.html.erb
  Rendered /Users/flatironschool/.rvm/gems/ruby-2.6.1/gems/actionpack-5.0.7.1/lib/action_dispatch/middleware/templates/rescues/_trace.html.erb (1.3ms)
  Rendering /Users/flatironschool/.rvm/gems/ruby-2.6.1/gems/actionpack-5.0.7.1/lib/action_dispatch/middleware/templates/rescues/_request_and_response.html.erb
  Rendered /Users/flatironschool/.rvm/gems/ruby-2.6.1/gems/actionpack-5.0.7.1/lib/action_dispatch/middleware/templates/rescues/_request_and_response.html.erb (0.8ms)
  Rendered /Users/flatironschool/.rvm/gems/ruby-2.6.1/gems/actionpack-5.0.7.1/lib/action_dispatch/middleware/templates/rescues/diagnostics.html.erb within rescues/layout (30.2ms)
Started GET "/school_classes/1/edit" for ::1 at 2019-11-22 23:32:09 -0500
Processing by SchoolClassesController#edit as HTML
  Parameters: {"id"=>"1"}
  [1m[36mSchoolClass Load (0.1ms)[0m  [1m[34mSELECT  "school_classes".* FROM "school_classes" WHERE "school_classes"."id" = ? LIMIT ?[0m  [["id", 1], ["LIMIT", 1]]
Completed 400 Bad Request in 1ms (ActiveRecord: 0.1ms)


  
ActionController::ParameterMissing (param is missing or the value is empty: school_class):
  
app/controllers/school_classes_controller.rb:21:in `edit'
  Rendering /Users/flatironschool/.rvm/gems/ruby-2.6.1/gems/actionpack-5.0.7.1/lib/action_dispatch/middleware/templates/rescues/diagnostics.html.erb within rescues/layout
  Rendering /Users/flatironschool/.rvm/gems/ruby-2.6.1/gems/actionpack-5.0.7.1/lib/action_dispatch/middleware/templates/rescues/_source.html.erb
  Rendered /Users/flatironschool/.rvm/gems/ruby-2.6.1/gems/actionpack-5.0.7.1/lib/action_dispatch/middleware/templates/rescues/_source.html.erb (2.2ms)
  Rendering /Users/flatironschool/.rvm/gems/ruby-2.6.1/gems/actionpack-5.0.7.1/lib/action_dispatch/middleware/templates/rescues/_trace.html.erb
  Rendered /Users/flatironschool/.rvm/gems/ruby-2.6.1/gems/actionpack-5.0.7.1/lib/action_dispatch/middleware/templates/rescues/_trace.html.erb (1.1ms)
  Rendering /Users/flatironschool/.rvm/gems/ruby-2.6.1/gems/actionpack-5.0.7.1/lib/action_dispatch/middleware/templates/rescues/_request_and_response.html.erb
  Rendered /Users/flatironschool/.rvm/gems/ruby-2.6.1/gems/actionpack-5.0.7.1/lib/action_dispatch/middleware/templates/rescues/_request_and_response.html.erb (0.6ms)
  Rendered /Users/flatironschool/.rvm/gems/ruby-2.6.1/gems/actionpack-5.0.7.1/lib/action_dispatch/middleware/templates/rescues/diagnostics.html.erb within rescues/layout (15.8ms)
Started GET "/school_classes/1/edit" for ::1 at 2019-11-22 23:32:10 -0500
Processing by SchoolClassesController#edit as HTML
  Parameters: {"id"=>"1"}
  [1m[36mSchoolClass Load (0.1ms)[0m  [1m[34mSELECT  "school_classes".* FROM "school_classes" WHERE "school_classes"."id" = ? LIMIT ?[0m  [["id", 1], ["LIMIT", 1]]
Completed 400 Bad Request in 1ms (ActiveRecord: 0.1ms)


  
ActionController::ParameterMissing (param is missing or the value is empty: school_class):
  
app/controllers/school_classes_controller.rb:21:in `edit'
  Rendering /Users/flatironschool/.rvm/gems/ruby-2.6.1/gems/actionpack-5.0.7.1/lib/action_dispatch/middleware/templates/rescues/diagnostics.html.erb within rescues/layout
  Rendering /Users/flatironschool/.rvm/gems/ruby-2.6.1/gems/actionpack-5.0.7.1/lib/action_dispatch/middleware/templates/rescues/_source.html.erb
  Rendered /Users/flatironschool/.rvm/gems/ruby-2.6.1/gems/actionpack-5.0.7.1/lib/action_dispatch/middleware/templates/rescues/_source.html.erb (2.7ms)
  Rendering /Users/flatironschool/.rvm/gems/ruby-2.6.1/gems/actionpack-5.0.7.1/lib/action_dispatch/middleware/templates/rescues/_trace.html.erb
  Rendered /Users/flatironschool/.rvm/gems/ruby-2.6.1/gems/actionpack-5.0.7.1/lib/action_dispatch/middleware/templates/rescues/_trace.html.erb (1.6ms)
  Rendering /Users/flatironschool/.rvm/gems/ruby-2.6.1/gems/actionpack-5.0.7.1/lib/action_dispatch/middleware/templates/rescues/_request_and_response.html.erb
  Rendered /Users/flatironschool/.rvm/gems/ruby-2.6.1/gems/actionpack-5.0.7.1/lib/action_dispatch/middleware/templates/rescues/_request_and_response.html.erb (0.8ms)
  Rendered /Users/flatironschool/.rvm/gems/ruby-2.6.1/gems/actionpack-5.0.7.1/lib/action_dispatch/middleware/templates/rescues/diagnostics.html.erb within rescues/layout (18.6ms)
Started GET "/school_classes/1/edit" for ::1 at 2019-11-22 23:32:10 -0500
Processing by SchoolClassesController#edit as HTML
  Parameters: {"id"=>"1"}
  [1m[36mSchoolClass Load (0.1ms)[0m  [1m[34mSELECT  "school_classes".* FROM "school_classes" WHERE "school_classes"."id" = ? LIMIT ?[0m  [["id", 1], ["LIMIT", 1]]
Completed 400 Bad Request in 2ms (ActiveRecord: 0.1ms)


  
ActionController::ParameterMissing (param is missing or the value is empty: school_class):
  
app/controllers/school_classes_controller.rb:21:in `edit'
  Rendering /Users/flatironschool/.rvm/gems/ruby-2.6.1/gems/actionpack-5.0.7.1/lib/action_dispatch/middleware/templates/rescues/diagnostics.html.erb within rescues/layout
  Rendering /Users/flatironschool/.rvm/gems/ruby-2.6.1/gems/actionpack-5.0.7.1/lib/action_dispatch/middleware/templates/rescues/_source.html.erb
  Rendered /Users/flatironschool/.rvm/gems/ruby-2.6.1/gems/actionpack-5.0.7.1/lib/action_dispatch/middleware/templates/rescues/_source.html.erb (2.0ms)
  Rendering /Users/flatironschool/.rvm/gems/ruby-2.6.1/gems/actionpack-5.0.7.1/lib/action_dispatch/middleware/templates/rescues/_trace.html.erb
  Rendered /Users/flatironschool/.rvm/gems/ruby-2.6.1/gems/actionpack-5.0.7.1/lib/action_dispatch/middleware/templates/rescues/_trace.html.erb (1.4ms)
  Rendering /Users/flatironschool/.rvm/gems/ruby-2.6.1/gems/actionpack-5.0.7.1/lib/action_dispatch/middleware/templates/rescues/_request_and_response.html.erb
  Rendered /Users/flatironschool/.rvm/gems/ruby-2.6.1/gems/actionpack-5.0.7.1/lib/action_dispatch/middleware/templates/rescues/_request_and_response.html.erb (0.7ms)
  Rendered /Users/flatironschool/.rvm/gems/ruby-2.6.1/gems/actionpack-5.0.7.1/lib/action_dispatch/middleware/templates/rescues/diagnostics.html.erb within rescues/layout (16.0ms)
Started GET "/school_classes/1/edit" for ::1 at 2019-11-22 23:32:10 -0500
Processing by SchoolClassesController#edit as HTML
  Parameters: {"id"=>"1"}
  [1m[36mSchoolClass Load (0.1ms)[0m  [1m[34mSELECT  "school_classes".* FROM "school_classes" WHERE "school_classes"."id" = ? LIMIT ?[0m  [["id", 1], ["LIMIT", 1]]
Completed 400 Bad Request in 2ms (ActiveRecord: 0.1ms)


  
ActionController::ParameterMissing (param is missing or the value is empty: school_class):
  
app/controllers/school_classes_controller.rb:21:in `edit'
  Rendering /Users/flatironschool/.rvm/gems/ruby-2.6.1/gems/actionpack-5.0.7.1/lib/action_dispatch/middleware/templates/rescues/diagnostics.html.erb within rescues/layout
  Rendering /Users/flatironschool/.rvm/gems/ruby-2.6.1/gems/actionpack-5.0.7.1/lib/action_dispatch/middleware/templates/rescues/_source.html.erb
  Rendered /Users/flatironschool/.rvm/gems/ruby-2.6.1/gems/actionpack-5.0.7.1/lib/action_dispatch/middleware/templates/rescues/_source.html.erb (2.0ms)
  Rendering /Users/flatironschool/.rvm/gems/ruby-2.6.1/gems/actionpack-5.0.7.1/lib/action_dispatch/middleware/templates/rescues/_trace.html.erb
  Rendered /Users/flatironschool/.rvm/gems/ruby-2.6.1/gems/actionpack-5.0.7.1/lib/action_dispatch/middleware/templates/rescues/_trace.html.erb (1.3ms)
  Rendering /Users/flatironschool/.rvm/gems/ruby-2.6.1/gems/actionpack-5.0.7.1/lib/action_dispatch/middleware/templates/rescues/_request_and_response.html.erb
  Rendered /Users/flatironschool/.rvm/gems/ruby-2.6.1/gems/actionpack-5.0.7.1/lib/action_dispatch/middleware/templates/rescues/_request_and_response.html.erb (0.9ms)
  Rendered /Users/flatironschool/.rvm/gems/ruby-2.6.1/gems/actionpack-5.0.7.1/lib/action_dispatch/middleware/templates/rescues/diagnostics.html.erb within rescues/layout (16.2ms)
Started GET "/school_classes/1/edit" for ::1 at 2019-11-22 23:32:10 -0500
Processing by SchoolClassesController#edit as HTML
  Parameters: {"id"=>"1"}
  [1m[36mSchoolClass Load (0.4ms)[0m  [1m[34mSELECT  "school_classes".* FROM "school_classes" WHERE "school_classes"."id" = ? LIMIT ?[0m  [["id", 1], ["LIMIT", 1]]
Completed 400 Bad Request in 3ms (ActiveRecord: 0.4ms)


  
ActionController::ParameterMissing (param is missing or the value is empty: school_class):
  
app/controllers/school_classes_controller.rb:21:in `edit'
  Rendering /Users/flatironschool/.rvm/gems/ruby-2.6.1/gems/actionpack-5.0.7.1/lib/action_dispatch/middleware/templates/rescues/diagnostics.html.erb within rescues/layout
  Rendering /Users/flatironschool/.rvm/gems/ruby-2.6.1/gems/actionpack-5.0.7.1/lib/action_dispatch/middleware/templates/rescues/_source.html.erb
  Rendered /Users/flatironschool/.rvm/gems/ruby-2.6.1/gems/actionpack-5.0.7.1/lib/action_dispatch/middleware/templates/rescues/_source.html.erb (2.4ms)
  Rendering /Users/flatironschool/.rvm/gems/ruby-2.6.1/gems/actionpack-5.0.7.1/lib/action_dispatch/middleware/templates/rescues/_trace.html.erb
  Rendered /Users/flatironschool/.rvm/gems/ruby-2.6.1/gems/actionpack-5.0.7.1/lib/action_dispatch/middleware/templates/rescues/_trace.html.erb (1.2ms)
  Rendering /Users/flatironschool/.rvm/gems/ruby-2.6.1/gems/actionpack-5.0.7.1/lib/action_dispatch/middleware/templates/rescues/_request_and_response.html.erb
  Rendered /Users/flatironschool/.rvm/gems/ruby-2.6.1/gems/actionpack-5.0.7.1/lib/action_dispatch/middleware/templates/rescues/_request_and_response.html.erb (0.7ms)
  Rendered /Users/flatironschool/.rvm/gems/ruby-2.6.1/gems/actionpack-5.0.7.1/lib/action_dispatch/middleware/templates/rescues/diagnostics.html.erb within rescues/layout (16.1ms)
Started GET "/school_classes/1/edit" for ::1 at 2019-11-22 23:34:13 -0500
Processing by SchoolClassesController#edit as HTML
  Parameters: {"id"=>"1"}
  [1m[36mSchoolClass Load (0.1ms)[0m  [1m[34mSELECT  "school_classes".* FROM "school_classes" WHERE "school_classes"."id" = ? LIMIT ?[0m  [["id", 1], ["LIMIT", 1]]
  Rendering school_classes/edit.html.erb within layouts/application
  Rendered school_classes/edit.html.erb within layouts/application (19.3ms)
Completed 200 OK in 278ms (Views: 269.0ms | ActiveRecord: 0.7ms)


Started PATCH "/school_classes/1" for ::1 at 2019-11-22 23:34:16 -0500
Processing by SchoolClassesController#update as HTML
  Parameters: {"utf8"=>"✓", "authenticity_token"=>"H3kUC3FkkQS5QbVsAt7AIs35ECEEd+CyGdXYgPDRPRj4+XP5NV4rZxZLUKz7miprnd72cl8lZSjGfxYXPk6JCA==", "school_class"=>{"title"=>"Physics", "room_number"=>"64"}, "commit"=>"Update School class", "id"=>"1"}
  [1m[36mSchoolClass Load (0.1ms)[0m  [1m[34mSELECT  "school_classes".* FROM "school_classes" WHERE "school_classes"."id" = ? LIMIT ?[0m  [["id", 1], ["LIMIT", 1]]
  [1m[35m (0.1ms)[0m  [1m[36mbegin transaction[0m
  [1m[35m (0.1ms)[0m  [1m[36mcommit transaction[0m
Redirected to http://localhost:3000/school_classes/1
Completed 302 Found in 5ms (ActiveRecord: 0.2ms)


Started GET "/school_classes/1" for ::1 at 2019-11-22 23:34:16 -0500
Processing by SchoolClassesController#show as HTML
  Parameters: {"id"=>"1"}
  [1m[36mSchoolClass Load (0.1ms)[0m  [1m[34mSELECT  "school_classes".* FROM "school_classes" WHERE "school_classes"."id" = ? LIMIT ?[0m  [["id", 1], ["LIMIT", 1]]
  Rendering school_classes/show.html.erb within layouts/application
  Rendered school_classes/show.html.erb within layouts/application (0.7ms)
Completed 200 OK in 14ms (Views: 11.2ms | ActiveRecord: 0.1ms)


Started GET "/school_classes/1/edit" for ::1 at 2019-11-22 23:34:47 -0500
Processing by SchoolClassesController#edit as HTML
  Parameters: {"id"=>"1"}
  [1m[36mSchoolClass Load (0.3ms)[0m  [1m[34mSELECT  "school_classes".* FROM "school_classes" WHERE "school_classes"."id" = ? LIMIT ?[0m  [["id", 1], ["LIMIT", 1]]
  Rendering school_classes/edit.html.erb within layouts/application
  Rendered school_classes/edit.html.erb within layouts/application (2.5ms)
Completed 200 OK in 24ms (Views: 21.2ms | ActiveRecord: 0.3ms)


Started PATCH "/school_classes/1" for ::1 at 2019-11-22 23:34:54 -0500
Processing by SchoolClassesController#update as HTML
  Parameters: {"utf8"=>"✓", "authenticity_token"=>"XuBOexpKS9UuiQzkYAjSfwM6DNHPe69Diq3DCS8MhTO5YCmJXnDxtoGD6SSZTDg2Ux3qgpQpKtlVBw2e4ZMxIw==", "school_class"=>{"title"=>"Physicsdd", "room_number"=>"62"}, "commit"=>"Update School class", "id"=>"1"}
  [1m[36mSchoolClass Load (0.1ms)[0m  [1m[34mSELECT  "school_classes".* FROM "school_classes" WHERE "school_classes"."id" = ? LIMIT ?[0m  [["id", 1], ["LIMIT", 1]]
  [1m[35m (0.1ms)[0m  [1m[36mbegin transaction[0m
  [1m[35mSQL (1.4ms)[0m  [1m[33mUPDATE "school_classes" SET "title" = ?, "room_number" = ?, "updated_at" = ? WHERE "school_classes"."id" = ?[0m  [["title", "Physicsdd"], ["room_number", 62], ["updated_at", "2019-11-23 04:34:54.246091"], ["id", 1]]
  [1m[35m (1.5ms)[0m  [1m[36mcommit transaction[0m
Redirected to http://localhost:3000/school_classes/1
Completed 302 Found in 9ms (ActiveRecord: 3.1ms)


Started GET "/school_classes/1" for ::1 at 2019-11-22 23:34:54 -0500
Processing by SchoolClassesController#show as HTML
  Parameters: {"id"=>"1"}
  [1m[36mSchoolClass Load (0.2ms)[0m  [1m[34mSELECT  "school_classes".* FROM "school_classes" WHERE "school_classes"."id" = ? LIMIT ?[0m  [["id", 1], ["LIMIT", 1]]
  Rendering school_classes/show.html.erb within layouts/application
  Rendered school_classes/show.html.erb within layouts/application (0.5ms)
Completed 200 OK in 15ms (Views: 12.3ms | ActiveRecord: 0.2ms)


Started GET "/school_classes/1/edit" for ::1 at 2019-11-22 23:36:08 -0500
Processing by SchoolClassesController#edit as HTML
  Parameters: {"id"=>"1"}
  [1m[36mSchoolClass Load (0.1ms)[0m  [1m[34mSELECT  "school_classes".* FROM "school_classes" WHERE "school_classes"."id" = ? LIMIT ?[0m  [["id", 1], ["LIMIT", 1]]
  Rendering school_classes/edit.html.erb within layouts/application
  Rendered school_classes/edit.html.erb within layouts/application (1.9ms)
Completed 200 OK in 15ms (Views: 13.4ms | ActiveRecord: 0.1ms)


Started GET "/school_classes/1/edit" for ::1 at 2019-11-22 23:36:10 -0500
Processing by SchoolClassesController#edit as HTML
  Parameters: {"id"=>"1"}
  [1m[36mSchoolClass Load (0.1ms)[0m  [1m[34mSELECT  "school_classes".* FROM "school_classes" WHERE "school_classes"."id" = ? LIMIT ?[0m  [["id", 1], ["LIMIT", 1]]
  Rendering school_classes/edit.html.erb within layouts/application
  Rendered school_classes/edit.html.erb within layouts/application (1.6ms)
Completed 200 OK in 15ms (Views: 13.1ms | ActiveRecord: 0.1ms)


Started GET "/school_classes/1/edit" for ::1 at 2019-11-22 23:36:10 -0500
Processing by SchoolClassesController#edit as HTML
  Parameters: {"id"=>"1"}
  [1m[36mSchoolClass Load (0.1ms)[0m  [1m[34mSELECT  "school_classes".* FROM "school_classes" WHERE "school_classes"."id" = ? LIMIT ?[0m  [["id", 1], ["LIMIT", 1]]
  Rendering school_classes/edit.html.erb within layouts/application
  Rendered school_classes/edit.html.erb within layouts/application (1.5ms)
Completed 200 OK in 15ms (Views: 13.0ms | ActiveRecord: 0.1ms)


Started GET "/school_classes/1/edit" for ::1 at 2019-11-22 23:36:10 -0500
Processing by SchoolClassesController#edit as HTML
  Parameters: {"id"=>"1"}
  [1m[36mSchoolClass Load (0.2ms)[0m  [1m[34mSELECT  "school_classes".* FROM "school_classes" WHERE "school_classes"."id" = ? LIMIT ?[0m  [["id", 1], ["LIMIT", 1]]
  Rendering school_classes/edit.html.erb within layouts/application
  Rendered school_classes/edit.html.erb within layouts/application (1.5ms)
Completed 200 OK in 15ms (Views: 12.6ms | ActiveRecord: 0.2ms)


Started PATCH "/school_classes/1" for ::1 at 2019-11-22 23:36:18 -0500
Processing by SchoolClassesController#update as HTML
  Parameters: {"utf8"=>"✓", "authenticity_token"=>"bRjybP7MdEEyWGEmMKfoJT6b6FITLhjwWxIpmLibOtGKmJWeuvbOIp1ShObJ4wJsbrwOAUh8nWqEuOcPdgSOwQ==", "school_class"=>{"title"=>"phys8csdflk", "room_number"=>"62"}, "commit"=>"Update School class", "id"=>"1"}
  [1m[36mSchoolClass Load (1.1ms)[0m  [1m[34mSELECT  "school_classes".* FROM "school_classes" WHERE "school_classes"."id" = ? LIMIT ?[0m  [["id", 1], ["LIMIT", 1]]
  [1m[35m (0.1ms)[0m  [1m[36mbegin transaction[0m
  [1m[35mSQL (0.6ms)[0m  [1m[33mUPDATE "school_classes" SET "title" = ?, "updated_at" = ? WHERE "school_classes"."id" = ?[0m  [["title", "phys8csdflk"], ["updated_at", "2019-11-23 04:36:18.138604"], ["id", 1]]
  [1m[35m (2.2ms)[0m  [1m[36mcommit transaction[0m
Redirected to http://localhost:3000/school_classes/1
Completed 302 Found in 10ms (ActiveRecord: 3.9ms)


Started GET "/school_classes/1" for ::1 at 2019-11-22 23:36:18 -0500
Processing by SchoolClassesController#show as HTML
  Parameters: {"id"=>"1"}
  [1m[36mSchoolClass Load (0.2ms)[0m  [1m[34mSELECT  "school_classes".* FROM "school_classes" WHERE "school_classes"."id" = ? LIMIT ?[0m  [["id", 1], ["LIMIT", 1]]
  Rendering school_classes/show.html.erb within layouts/application
  Rendered school_classes/show.html.erb within layouts/application (0.5ms)
Completed 200 OK in 15ms (Views: 12.4ms | ActiveRecord: 0.2ms)


Started GET "/school_classes/new" for ::1 at 2019-11-22 23:36:29 -0500
Processing by SchoolClassesController#new as HTML
  Rendering school_classes/new.html.erb within layouts/application
  Rendered school_classes/new.html.erb within layouts/application (3.0ms)
Completed 200 OK in 25ms (Views: 23.5ms | ActiveRecord: 0.0ms)


Started POST "/school_classes" for ::1 at 2019-11-22 23:36:35 -0500
Processing by SchoolClassesController#create as HTML
  Parameters: {"utf8"=>"✓", "authenticity_token"=>"2llQrIrVrG36+L92u6nwyO+okOieRnXapC5ok3hnWZw92Tdezu8WDlXyWrZC7RqBv492u8UU8EB7hKYEtvjtjA==", "school_class"=>{"title"=>"english", "room_number"=>"234"}, "commit"=>"Create School class"}
  [1m[35m (0.1ms)[0m  [1m[36mbegin transaction[0m
  [1m[35mSQL (0.7ms)[0m  [1m[32mINSERT INTO "school_classes" ("title", "room_number", "created_at", "updated_at") VALUES (?, ?, ?, ?)[0m  [["title", "english"], ["room_number", 234], ["created_at", "2019-11-23 04:36:35.333837"], ["updated_at", "2019-11-23 04:36:35.333837"]]
  [1m[35m (1.2ms)[0m  [1m[36mcommit transaction[0m
Redirected to http://localhost:3000/school_classes/3
Completed 302 Found in 8ms (ActiveRecord: 2.1ms)


Started GET "/school_classes/3" for ::1 at 2019-11-22 23:36:35 -0500
Processing by SchoolClassesController#show as HTML
  Parameters: {"id"=>"3"}
  [1m[36mSchoolClass Load (0.1ms)[0m  [1m[34mSELECT  "school_classes".* FROM "school_classes" WHERE "school_classes"."id" = ? LIMIT ?[0m  [["id", 3], ["LIMIT", 1]]
  Rendering school_classes/show.html.erb within layouts/application
  Rendered school_classes/show.html.erb within layouts/application (0.5ms)
Completed 200 OK in 15ms (Views: 12.3ms | ActiveRecord: 0.1ms)


